{"level":"info","message":"logger construction succeeded","foo":"bar"}
{"level":"error","message":"ERROR: missing FROM-clause entry for table \"bobylev\" (SQLSTATE 42P01)"}
{"level":"error","message":"ERROR: missing FROM-clause entry for table \"bobylev\" (SQLSTATE 42P01)"}
{"level":"error","message":"ERROR: missing FROM-clause entry for table \"bobylev\" (SQLSTATE 42P01)"}
{"level":"error","message":"ERROR: missing FROM-clause entry for table \"bobylev\" (SQLSTATE 42P01)"}
{"level":"error","message":"ERROR: missing FROM-clause entry for table \"bobylev\" (SQLSTATE 42P01)"}
{"level":"error","message":"ERROR: missing FROM-clause entry for table \"bobylev\" (SQLSTATE 42P01)"}
{"level":"error","message":"ERROR: missing FROM-clause entry for table \"bobylev\" (SQLSTATE 42P01)"}
{"level":"error","message":"ERROR: missing FROM-clause entry for table \"bobylev\" (SQLSTATE 42P01)"}
{"level":"error","message":"ERROR: missing FROM-clause entry for table \"bobylev\" (SQLSTATE 42P01)"}
{"level":"error","message":"ERROR: missing FROM-clause entry for table \"bobylev\" (SQLSTATE 42P01)"}
{"level":"error","message":"ERROR: missing FROM-clause entry for table \"bobylev\" (SQLSTATE 42P01)"}
{"level":"error","message":"ERROR: missing FROM-clause entry for table \"bobylev\" (SQLSTATE 42P01)"}
{"level":"error","message":"ERROR: missing FROM-clause entry for table \"bobylev\" (SQLSTATE 42P01)"}
{"level":"error","ts":"2021-03-02T16:46:44.275+0500","message":"ERROR: missing FROM-clause entry for table \"bobylev\" (SQLSTATE 42P01)"}
{"level":"error","ts":"2021-03-02T16:46:50.579+0500","message":"ERROR: missing FROM-clause entry for table \"bobylev\" (SQLSTATE 42P01)"}
{"level":"error","ts":"2021-03-02T16:46:55.671+0500","message":"ERROR: missing FROM-clause entry for table \"bobylev\" (SQLSTATE 42P01)"}
{"level":"error","ts":"2021-03-02T16:54:14.555+0500","message":"ERROR: missing FROM-clause entry for table \"bobylev\" (SQLSTATE 42P01)"}
{"level":"error","ts":"2021-03-02T16:54:14.580+0500","message":"ERROR: missing FROM-clause entry for table \"bobylev\" (SQLSTATE 42P01)"}
{"level":"error","ts":"2021-03-02T16:54:14.586+0500","message":"ERROR: missing FROM-clause entry for table \"bobylev\" (SQLSTATE 42P01)"}
{"level":"error","ts":"2021-03-02T16:54:20.685+0500","message":"ERROR: missing FROM-clause entry for table \"bobylev\" (SQLSTATE 42P01)"}
{"level":"error","ts":"2021-03-02T16:54:20.691+0500","message":"ERROR: missing FROM-clause entry for table \"bobylev\" (SQLSTATE 42P01)"}
{"level":"error","ts":"2021-03-02T16:54:20.695+0500","message":"ERROR: missing FROM-clause entry for table \"bobylev\" (SQLSTATE 42P01)"}
{"level":"error","ts":"2021-03-02T16:56:18.057+0500","message":"ERROR: missing FROM-clause entry for table \"bobylev\" (SQLSTATE 42P01)"}
{"level":"error","ts":"2021-03-02T16:56:18.075+0500","message":"ERROR: missing FROM-clause entry for table \"bobylev\" (SQLSTATE 42P01)"}
{"level":"error","ts":"2021-03-02T16:56:18.079+0500","message":"ERROR: missing FROM-clause entry for table \"bobylev\" (SQLSTATE 42P01)"}
{"level":"error","ts":"2021-03-02T16:56:27.984+0500","message":"ERROR: missing FROM-clause entry for table \"bobylev\" (SQLSTATE 42P01)"}
{"level":"error","ts":"2021-03-02T16:56:27.997+0500","message":"ERROR: missing FROM-clause entry for table \"bobylev\" (SQLSTATE 42P01)"}
{"level":"error","ts":"2021-03-02T16:56:28.001+0500","message":"ERROR: missing FROM-clause entry for table \"bobylev\" (SQLSTATE 42P01)"}
{"level":"error","ts":"2021-03-02T16:56:31.914+0500","message":"ERROR: missing FROM-clause entry for table \"bobylev\" (SQLSTATE 42P01)"}
{"level":"error","ts":"2021-03-02T16:56:31.919+0500","message":"ERROR: missing FROM-clause entry for table \"bobylev\" (SQLSTATE 42P01)"}
{"level":"error","ts":"2021-03-02T16:56:31.923+0500","message":"ERROR: missing FROM-clause entry for table \"bobylev\" (SQLSTATE 42P01)"}
{"level":"error","ts":"2021-03-02T16:56:39.364+0500","message":"ERROR: missing FROM-clause entry for table \"bobylev\" (SQLSTATE 42P01)"}
{"level":"error","ts":"2021-03-02T16:56:39.387+0500","message":"ERROR: missing FROM-clause entry for table \"bobylev\" (SQLSTATE 42P01)"}
{"level":"error","ts":"2021-03-02T16:56:39.391+0500","message":"ERROR: missing FROM-clause entry for table \"bobylev\" (SQLSTATE 42P01)"}
{"level":"error","ts":"2021-03-03T08:28:00.818+0500","message":"sql: no rows in result set"}
{"level":"error","ts":"2021-03-03T08:28:03.081+0500","message":"sql: no rows in result set"}
{"level":"error","ts":"2021-03-03T08:28:19.010+0500","message":"sql: no rows in result set"}
{"level":"error","ts":"2021-03-03T08:28:19.882+0500","message":"sql: no rows in result set"}
{"level":"error","ts":"2021-03-03T08:28:28.638+0500","message":"sql: no rows in result set"}
{"level":"error","ts":"2021-03-03T08:28:51.010+0500","message":"sql: no rows in result set"}
{"level":"error","ts":"2021-03-03T08:29:15.731+0500","message":"sql: no rows in result set"}
{"level":"error","ts":"2021-03-03T08:29:28.066+0500","message":"sql: no rows in result set"}
{"level":"error","ts":"2021-03-03T08:29:32.629+0500","message":"sql: no rows in result set"}
{"level":"error","ts":"2021-03-03T08:29:33.242+0500","message":"sql: no rows in result set"}
{"level":"error","ts":"2021-03-03T08:29:33.693+0500","message":"sql: no rows in result set"}
{"level":"error","ts":"2021-03-03T08:44:33.864+0500","message":"sql: no rows in result set"}
{"level":"error","ts":"2021-03-03T16:45:10.107+0500","message":"ERROR: missing FROM-clause entry for table \"bobylev\" (SQLSTATE 42P01)"}
{"level":"error","ts":"2021-03-03T16:45:19.049+0500","message":"ERROR: missing FROM-clause entry for table \"bobylev\" (SQLSTATE 42P01)"}
{"level":"error","ts":"2021-03-03T16:46:30.089+0500","message":"ERROR: missing FROM-clause entry for table \"bobylev\" (SQLSTATE 42P01)"}
{"level":"error","ts":"2021-03-03T16:46:44.808+0500","message":"ERROR: missing FROM-clause entry for table \"bobylev\" (SQLSTATE 42P01)"}
{"level":"error","ts":"2021-03-03T16:48:59.076+0500","message":"ERROR: column \"int\" does not exist (SQLSTATE 42703)"}
{"level":"error","ts":"2021-03-03T16:58:33.325+0500","message":"expected slice but got struct"}
{"level":"error","ts":"2021-03-03T16:59:56.476+0500","message":"expected slice but got struct"}
{"level":"error","ts":"2021-03-10T17:27:34.622+0500","message":"missing destination name date_create in *models.Filesmodel"}
{"level":"error","ts":"2021-03-10T17:27:36.767+0500","message":"missing destination name date_create in *models.Filesmodel"}
{"level":"error","ts":"2021-03-11T09:50:45.380+0500","message":"missing destination name user_target_id in **models.Filesmodel"}
{"level":"error","ts":"2021-03-11T09:50:45.393+0500","message":"missing destination name user_target_id in **models.Filesmodel"}
{"level":"error","ts":"2021-03-11T09:50:45.394+0500","message":"missing destination name user_target_id in **models.Filesmodel"}
{"level":"error","ts":"2021-03-11T09:50:56.968+0500","message":"missing destination name user_target_id in **models.Filesmodel"}
{"level":"error","ts":"2021-03-11T09:50:56.968+0500","message":"missing destination name user_target_id in **models.Filesmodel"}
{"level":"error","ts":"2021-03-11T09:50:56.968+0500","message":"missing destination name user_target_id in **models.Filesmodel"}
{"level":"error","ts":"2021-03-11T09:55:08.272+0500","message":"missing destination name user_target_id in **models.Filesmodel"}
{"level":"error","ts":"2021-03-11T09:55:08.272+0500","message":"missing destination name user_target_id in **models.Filesmodel"}
{"level":"error","ts":"2021-03-11T09:55:08.272+0500","message":"missing destination name user_target_id in **models.Filesmodel"}
{"level":"error","ts":"2021-03-11T09:58:45.942+0500","message":"missing destination name user_target_id in **models.Filesmodel"}
{"level":"error","ts":"2021-03-11T09:58:45.943+0500","message":"missing destination name user_target_id in **models.Filesmodel"}
{"level":"error","ts":"2021-03-11T09:58:45.943+0500","message":"missing destination name user_target_id in **models.Filesmodel"}
{"level":"error","ts":"2021-03-11T09:59:56.156+0500","message":"missing destination name user_target_id in **models.Filesmodel"}
{"level":"error","ts":"2021-03-11T09:59:56.156+0500","message":"missing destination name user_target_id in **models.Filesmodel"}
{"level":"error","ts":"2021-03-11T09:59:56.156+0500","message":"missing destination name user_target_id in **models.Filesmodel"}
{"level":"error","ts":"2021-03-11T10:00:26.069+0500","message":"missing destination name user_target_id in **models.Filesmodel"}
{"level":"error","ts":"2021-03-11T10:00:26.069+0500","message":"missing destination name user_target_id in **models.Filesmodel"}
{"level":"error","ts":"2021-03-11T10:00:26.070+0500","message":"missing destination name user_target_id in **models.Filesmodel"}
{"level":"error","ts":"2021-03-11T10:04:03.052+0500","message":"missing destination name user_target_id in **models.Filesmodel"}
{"level":"error","ts":"2021-03-11T10:04:03.052+0500","message":"missing destination name user_target_id in **models.Filesmodel"}
{"level":"error","ts":"2021-03-11T10:04:03.052+0500","message":"missing destination name user_target_id in **models.Filesmodel"}
{"level":"error","ts":"2021-03-11T10:05:32.901+0500","message":"missing destination name user_target_id in **models.Filesmodel"}
{"level":"error","ts":"2021-03-11T10:05:32.902+0500","message":"missing destination name user_target_id in **models.Filesmodel"}
{"level":"error","ts":"2021-03-11T10:05:32.902+0500","message":"missing destination name user_target_id in **models.Filesmodel"}
{"level":"error","ts":"2021-03-11T10:10:48.865+0500","message":"missing destination name user_target_id in **models.Filesmodel"}
{"level":"error","ts":"2021-03-11T10:10:48.881+0500","message":"missing destination name user_target_id in **models.Filesmodel"}
{"level":"error","ts":"2021-03-11T10:10:48.881+0500","message":"missing destination name user_target_id in **models.Filesmodel"}
{"level":"error","ts":"2021-03-11T10:11:36.777+0500","message":"missing destination name user_target_id in **models.Filesmodel"}
{"level":"error","ts":"2021-03-11T10:11:36.778+0500","message":"missing destination name user_target_id in **models.Filesmodel"}
{"level":"error","ts":"2021-03-11T10:11:36.778+0500","message":"missing destination name user_target_id in **models.Filesmodel"}
{"level":"error","ts":"2021-03-11T10:11:48.061+0500","message":"missing destination name user_target_id in **models.Filesmodel"}
{"level":"error","ts":"2021-03-11T10:11:48.061+0500","message":"missing destination name user_target_id in **models.Filesmodel"}
{"level":"error","ts":"2021-03-11T10:11:48.061+0500","message":"missing destination name user_target_id in **models.Filesmodel"}
{"level":"error","ts":"2021-03-11T10:12:18.133+0500","message":"missing destination name user_target_id in **models.Filesmodel"}
{"level":"error","ts":"2021-03-11T10:12:18.133+0500","message":"missing destination name user_target_id in **models.Filesmodel"}
{"level":"error","ts":"2021-03-11T10:12:18.133+0500","message":"missing destination name user_target_id in **models.Filesmodel"}
{"level":"error","ts":"2021-03-11T10:13:14.243+0500","message":"missing destination name user_target_id in **models.Filesmodel"}
{"level":"error","ts":"2021-03-11T10:13:14.243+0500","message":"missing destination name user_target_id in **models.Filesmodel"}
{"level":"error","ts":"2021-03-11T10:13:14.243+0500","message":"missing destination name user_target_id in **models.Filesmodel"}
{"level":"error","ts":"2021-03-12T10:27:27.725+0500","message":"missing destination name id_target in *models.Users"}
{"level":"error","ts":"2021-03-12T10:29:17.539+0500","message":"missing destination name id_target in *models.Users"}
{"level":"error","ts":"2021-03-12T10:30:36.176+0500","message":"missing destination name id_target in *models.Users"}
{"level":"error","ts":"2021-03-12T10:30:57.586+0500","message":"missing destination name id_target in *models.Users"}
{"level":"error","ts":"2021-03-12T10:31:37.389+0500","message":"missing destination name id_target in *models.Users"}
{"level":"error","ts":"2021-03-12T10:31:52.468+0500","message":"missing destination name id_target in *models.Users"}
{"level":"error","ts":"2021-03-12T10:32:22.509+0500","message":"missing destination name id_target in *models.Users"}
{"level":"error","ts":"2021-03-12T10:32:49.451+0500","message":"missing destination name id_target in *models.Users"}
{"level":"error","ts":"2021-03-12T10:33:39.993+0500","message":"missing destination name id_target in *models.Users"}
{"level":"error","ts":"2021-03-12T10:43:28.179+0500","message":"missing destination name full_name_user in **models.Targetmodel"}
{"level":"error","ts":"2021-03-12T10:43:28.199+0500","message":"missing destination name full_name_user in **models.Targetmodel"}
{"level":"error","ts":"2021-03-12T10:43:28.199+0500","message":"missing destination name full_name_user in **models.Targetmodel"}
{"level":"error","ts":"2021-03-12T10:44:28.339+0500","message":"missing destination name full_name_user in **models.Targetmodel"}
{"level":"error","ts":"2021-03-12T10:44:28.356+0500","message":"missing destination name full_name_user in **models.Targetmodel"}
{"level":"error","ts":"2021-03-12T10:44:28.356+0500","message":"missing destination name full_name_user in **models.Targetmodel"}
{"level":"error","ts":"2021-03-12T10:45:48.769+0500","message":"missing destination name full_name_user in **models.Targetmodel"}
{"level":"error","ts":"2021-03-12T10:45:48.769+0500","message":"missing destination name full_name_user in **models.Targetmodel"}
{"level":"error","ts":"2021-03-12T10:45:48.769+0500","message":"missing destination name full_name_user in **models.Targetmodel"}
{"level":"error","ts":"2021-03-12T10:48:01.393+0500","message":"missing destination name full_name_user in **models.Targetmodel"}
{"level":"error","ts":"2021-03-12T11:54:49.217+0500","message":"sql: expected 2 destination arguments in Scan, not 1"}
{"level":"error","ts":"2021-03-12T11:54:53.571+0500","message":"sql: expected 2 destination arguments in Scan, not 1"}
{"level":"error","ts":"2021-03-12T11:54:56.425+0500","message":"sql: expected 2 destination arguments in Scan, not 1"}
{"level":"error","ts":"2021-03-12T11:54:57.610+0500","message":"sql: expected 2 destination arguments in Scan, not 1"}
{"level":"error","ts":"2021-03-12T11:54:58.889+0500","message":"sql: expected 2 destination arguments in Scan, not 1"}
{"level":"error","ts":"2021-03-12T11:54:59.970+0500","message":"sql: expected 2 destination arguments in Scan, not 1"}
{"level":"error","ts":"2021-03-12T11:55:01.494+0500","message":"sql: expected 2 destination arguments in Scan, not 1"}
{"level":"error","ts":"2021-03-12T11:55:02.856+0500","message":"sql: expected 2 destination arguments in Scan, not 1"}
{"level":"error","ts":"2021-03-12T11:55:04.153+0500","message":"sql: expected 2 destination arguments in Scan, not 1"}
{"level":"error","ts":"2021-03-12T11:55:04.926+0500","message":"sql: expected 2 destination arguments in Scan, not 1"}
{"level":"error","ts":"2021-03-12T11:55:06.010+0500","message":"sql: expected 2 destination arguments in Scan, not 1"}
{"level":"error","ts":"2021-03-12T11:55:18.712+0500","message":"sql: expected 2 destination arguments in Scan, not 1"}
{"level":"error","ts":"2021-03-12T11:55:19.722+0500","message":"sql: expected 2 destination arguments in Scan, not 1"}
{"level":"error","ts":"2021-03-12T11:55:20.568+0500","message":"sql: expected 2 destination arguments in Scan, not 1"}
{"level":"error","ts":"2021-03-12T11:55:21.732+0500","message":"sql: expected 2 destination arguments in Scan, not 1"}
{"level":"error","ts":"2021-03-12T11:57:31.556+0500","message":"sql: expected 2 destination arguments in Scan, not 1"}
{"level":"error","ts":"2021-03-18T13:30:40.945+0500","message":"open ./assets/zondiconstarget.svg: The system cannot find the path specified."}
{"level":"error","ts":"2021-03-18T13:31:15.743+0500","message":"open ./assets/zondiconstarget.svg: The system cannot find the path specified."}
{"level":"error","ts":"2021-03-18T13:33:12.326+0500","message":"open ./web/assets/zondiconstarget.svg: The system cannot find the file specified."}
{"level":"error","ts":"2021-03-18T14:33:28.063+0500","message":"open ./web/assets/zondicons/undefined.svg: The system cannot find the file specified."}
{"level":"error","ts":"2021-03-18T14:43:05.570+0500","message":"open ./web/assets/zondicons/undefined.svg: The system cannot find the file specified."}
{"level":"error","ts":"2021-03-19T10:11:52.186+0500","message":"open /web/assets/zondicons/target.svg: The system cannot find the path specified."}
{"level":"error","ts":"2021-03-19T10:11:52.204+0500","message":"open /web/assets/zondicons/album.svg: The system cannot find the path specified."}
{"level":"error","ts":"2021-03-22T17:42:26.831+0500","message":"Prepared statement \"\" requires 2 parameters, but 6 were provided"}
{"level":"error","ts":"2021-03-22T17:42:26.866+0500","message":"Prepared statement \"\" requires 2 parameters, but 6 were provided"}
{"level":"error","ts":"2021-03-22T17:44:32.046+0500","message":"Prepared statement \"\" requires 2 parameters, but 6 were provided"}
{"level":"error","ts":"2021-03-22T17:44:32.047+0500","message":"Prepared statement \"\" requires 2 parameters, but 6 were provided"}
{"level":"error","ts":"2021-03-22T17:48:56.319+0500","message":"Prepared statement \"\" requires 2 parameters, but 6 were provided"}
{"level":"error","ts":"2021-03-22T17:48:56.320+0500","message":"Prepared statement \"\" requires 2 parameters, but 6 were provided"}
{"level":"error","ts":"2021-03-22T17:49:28.192+0500","message":"Prepared statement \"\" requires 2 parameters, but 6 were provided"}
{"level":"error","ts":"2021-03-22T17:49:28.193+0500","message":"Prepared statement \"\" requires 2 parameters, but 6 were provided"}
{"level":"error","ts":"2021-03-22T17:50:01.005+0500","message":"Prepared statement \"\" requires 2 parameters, but 6 were provided"}
{"level":"error","ts":"2021-03-22T17:50:01.006+0500","message":"Prepared statement \"\" requires 2 parameters, but 6 were provided"}
{"level":"error","ts":"2021-03-22T17:54:02.030+0500","message":"Prepared statement \"\" requires 2 parameters, but 6 were provided"}
{"level":"error","ts":"2021-03-22T17:54:02.031+0500","message":"Prepared statement \"\" requires 2 parameters, but 6 were provided"}
{"level":"error","ts":"2021-03-22T17:55:43.739+0500","message":"Prepared statement \"\" requires 2 parameters, but 6 were provided"}
{"level":"error","ts":"2021-03-22T17:55:43.740+0500","message":"Prepared statement \"\" requires 2 parameters, but 6 were provided"}
{"level":"error","ts":"2021-03-22T17:55:56.090+0500","message":"Prepared statement \"\" requires 2 parameters, but 6 were provided"}
{"level":"error","ts":"2021-03-22T17:55:56.090+0500","message":"Prepared statement \"\" requires 2 parameters, but 6 were provided"}
{"level":"error","ts":"2021-03-23T09:33:24.722+0500","message":"sql: Scan error on column index 0, name \"target_name\": unsupported Scan, storing driver.Value type string into type *models.Targetname"}
{"level":"error","ts":"2021-03-23T09:52:29.201+0500","message":"sql: Scan error on column index 0, name \"target_name\": unsupported Scan, storing driver.Value type string into type *models.Targetname"}
{"level":"error","ts":"2021-03-23T09:54:45.393+0500","message":"missing destination name target_name in *models.Targetname"}
{"level":"error","ts":"2021-03-23T14:05:35.261+0500","message":"write ./upload//bobylev.ss/Изобретательская деятельность/VSCodeUserSetup-x64-1.53.2.exe.zip: There is not enough space on the disk."}
{"level":"error","ts":"2021-03-23T15:02:56.831+0500","message":"write ./upload//bobylev.ss/Изобретательская деятельность/VSCodeUserSetup-x64-1.48.2.exe.zip: There is not enough space on the disk."}
